# JRE version: OpenJDK Runtime Environment Temurin-17.0.12+7 (17.0.12+7) (build 17.0.12+7)
# Java VM: OpenJDK 64-Bit Server VM Temurin-17.0.12+7 (17.0.12+7, mixed mode, emulated-client, tiered, compressed oops, compressed class ptrs, g1 gc, windows-amd64)
GC Precious Log:
 CPUs: 8 total, 8 available
 Memory: 8029M
 Large Page Support: Disabled
 NUMA Support: Disabled
 Compressed Oops: Enabled (32-bit)
 Heap Region Size: 1M
 Heap Min Capacity: 8M
 Heap Initial Capacity: 126M
 Heap Max Capacity: 1G
 Pre-touch: Disabled
 Parallel Workers: 8
 Concurrent Workers: 2
 Concurrent Refinement Workers: 8
 Periodic GC: Disabled
Heap:
 garbage-first heap   total 118784K, used 23347K [0x00000000c0000000, 0x0000000100000000)
  region size 1024K, 3 young (3072K), 1 survivors (1024K)
 Metaspace       used 24666K, committed 24896K, reserved 1114112K
  class space    used 3040K, committed 3136K, reserved 1048576K
GC Heap History (16 events):
Event: 21.767 GC heap before
{Heap before GC invocations=0 (full 0):
 garbage-first heap   total 129024K, used 28672K [0x00000000c0000000, 0x0000000100000000)
  region size 1024K, 23 young (23552K), 0 survivors (0K)
 Metaspace       used 8547K, committed 8640K, reserved 1114112K
  class space    used 983K, committed 1024K, reserved 1048576K
}
Event: 21.789 GC heap after
{Heap after GC invocations=1 (full 0):
 garbage-first heap   total 129024K, used 15853K [0x00000000c0000000, 0x0000000100000000)
  region size 1024K, 3 young (3072K), 3 survivors (3072K)
 Metaspace       used 8547K, committed 8640K, reserved 1114112K
  class space    used 983K, committed 1024K, reserved 1048576K
}
Event: 28.981 GC heap before
{Heap before GC invocations=1 (full 0):
 garbage-first heap   total 129024K, used 37357K [0x00000000c0000000, 0x0000000100000000)
  region size 1024K, 24 young (24576K), 3 survivors (3072K)
 Metaspace       used 15402K, committed 15616K, reserved 1114112K
  class space    used 1962K, committed 2048K, reserved 1048576K
}
Event: 29.209 GC heap after
{Heap after GC invocations=2 (full 0):
 garbage-first heap   total 129024K, used 18215K [0x00000000c0000000, 0x0000000100000000)
  region size 1024K, 3 young (3072K), 3 survivors (3072K)
 Metaspace       used 15402K, committed 15616K, reserved 1114112K
  class space    used 1962K, committed 2048K, reserved 1048576K
}
Event: 32.035 GC heap before
{Heap before GC invocations=2 (full 0):
 garbage-first heap   total 129024K, used 33575K [0x00000000c0000000, 0x0000000100000000)
  region size 1024K, 19 young (19456K), 3 survivors (3072K)
 Metaspace       used 19986K, committed 20224K, reserved 1114112K
  class space    used 2501K, committed 2624K, reserved 1048576K
}
Event: 32.284 GC heap after
{Heap after GC invocations=3 (full 0):
 garbage-first heap   total 129024K, used 20016K [0x00000000c0000000, 0x0000000100000000)
  region size 1024K, 2 young (2048K), 2 survivors (2048K)
 Metaspace       used 19986K, committed 20224K, reserved 1114112K
  class space    used 2501K, committed 2624K, reserved 1048576K
}
Event: 35.069 GC heap before
{Heap before GC invocations=3 (full 0):
 garbage-first heap   total 129024K, used 24112K [0x00000000c0000000, 0x0000000100000000)
  region size 1024K, 7 young (7168K), 2 survivors (2048K)
 Metaspace       used 21216K, committed 21504K, reserved 1114112K
  class space    used 2659K, committed 2816K, reserved 1048576K
}
Event: 36.148 GC heap after
{Heap after GC invocations=4 (full 0):
 garbage-first heap   total 129024K, used 21087K [0x00000000c0000000, 0x0000000100000000)
  region size 1024K, 2 young (2048K), 2 survivors (2048K)
 Metaspace       used 21216K, committed 21504K, reserved 1114112K
  class space    used 2659K, committed 2816K, reserved 1048576K
}
Event: 36.355 GC heap before
{Heap before GC invocations=5 (full 0):
 garbage-first heap   total 78848K, used 25183K [0x00000000c0000000, 0x0000000100000000)
  region size 1024K, 6 young (6144K), 2 survivors (2048K)
 Metaspace       used 22174K, committed 22464K, reserved 1114112K
  class space    used 2766K, committed 2880K, reserved 1048576K
}
Event: 36.363 GC heap after
{Heap after GC invocations=6 (full 0):
 garbage-first heap   total 78848K, used 21814K [0x00000000c0000000, 0x0000000100000000)
  region size 1024K, 1 young (1024K), 1 survivors (1024K)
 Metaspace       used 22174K, committed 22464K, reserved 1114112K
  class space    used 2766K, committed 2880K, reserved 1048576K
}
Event: 36.410 GC heap before
{Heap before GC invocations=6 (full 0):
 garbage-first heap   total 78848K, used 22838K [0x00000000c0000000, 0x0000000100000000)
  region size 1024K, 3 young (3072K), 1 survivors (1024K)
 Metaspace       used 22850K, committed 23104K, reserved 1114112K
  class space    used 2794K, committed 2880K, reserved 1048576K
}
Event: 36.412 GC heap after
{Heap after GC invocations=7 (full 0):
 garbage-first heap   total 78848K, used 21987K [0x00000000c0000000, 0x0000000100000000)
  region size 1024K, 1 young (1024K), 1 survivors (1024K)
 Metaspace       used 22850K, committed 23104K, reserved 1114112K
  class space    used 2794K, committed 2880K, reserved 1048576K
}
Event: 36.486 GC heap before
{Heap before GC invocations=7 (full 0):
 garbage-first heap   total 78848K, used 24035K [0x00000000c0000000, 0x0000000100000000)
  region size 1024K, 3 young (3072K), 1 survivors (1024K)
 Metaspace       used 23415K, committed 23680K, reserved 1114112K
  class space    used 2875K, committed 3008K, reserved 1048576K
}
Event: 36.488 GC heap after
{Heap after GC invocations=8 (full 0):
 garbage-first heap   total 118784K, used 22064K [0x00000000c0000000, 0x0000000100000000)
  region size 1024K, 1 young (1024K), 1 survivors (1024K)
 Metaspace       used 23415K, committed 23680K, reserved 1114112K
  class space    used 2875K, committed 3008K, reserved 1048576K
}
Event: 36.876 GC heap before
{Heap before GC invocations=8 (full 0):
 garbage-first heap   total 118784K, used 25136K [0x00000000c0000000, 0x0000000100000000)
  region size 1024K, 5 young (5120K), 1 survivors (1024K)
 Metaspace       used 24305K, committed 24576K, reserved 1114112K
  class space    used 2978K, committed 3072K, reserved 1048576K
}
Event: 36.889 GC heap after
{Heap after GC invocations=9 (full 0):
 garbage-first heap   total 118784K, used 22323K [0x00000000c0000000, 0x0000000100000000)
  region size 1024K, 1 young (1024K), 1 survivors (1024K)
 Metaspace       used 24305K, committed 24576K, reserved 1114112K
  class space    used 2978K, committed 3072K, reserved 1048576K
}

